
RCS file: RCS/atousrv.c,v
Working file: atousrv.c
head: 1.8
branch:
locks: strict
	dunigan: 1.8
access list:
symbolic names:
keyword substitution: kv
total revisions: 8;	selected revisions: 8
description:
ff's original
----------------------------
revision 1.8	locked by: dunigan;
date: 2002/06/20 14:28:46;  author: dunigan;  state: Exp;  lines: +3 -3
fix del ack for unexpected, 2nd try
----------------------------
revision 1.7
date: 2002/06/17 18:35:13;  author: dunigan;  state: Exp;  lines: +4 -5
no delack if unexpected packet
----------------------------
revision 1.6
date: 2002/02/06 13:25:16;  author: dunigan;  state: Exp;  lines: +13 -12
add ack delay parameter
----------------------------
revision 1.5
date: 2002/02/06 13:07:06;  author: dunigan;  state: Exp;  lines: +6 -5
add max out of order
----------------------------
revision 1.4
date: 2001/07/12 12:22:26;  author: dunigan;  state: Exp;  lines: +8 -7
sack flag instead of reno flag vhtonl fix
----------------------------
revision 1.3
date: 2001/07/12 12:21:14;  author: dunigan;  state: Exp;  lines: +7 -6
minor type changes
----------------------------
revision 1.2
date: 2001/05/18 19:35:12;  author: dunigan;  state: Exp;  lines: +9 -5
fix sendto
----------------------------
revision 1.1
date: 2001/05/16 17:01:15;  author: dunigan;  state: Exp;
Initial revision
=============================================================================
