
RCS file: RCS/atoucli.c,v
Working file: atoucli.c
head: 1.38
branch:
locks: strict
	dunigan: 1.38
access list:
symbolic names:
keyword substitution: kv
total revisions: 38;	selected revisions: 38
description:
ff's original
----------------------------
revision 1.38	locked by: dunigan;
date: 2003/01/16 19:07:57;  author: dunigan;  state: Exp;  lines: +4 -3
for newreno only do big deflation if max_burst set
----------------------------
revision 1.37
date: 2003/01/13 17:53:54;  author: dunigan;  state: Exp;  lines: +9 -5
add kelly kai  scalable tcp
----------------------------
revision 1.36
date: 2002/12/20 18:18:56;  author: dunigan;  state: Exp;  lines: +12 -8
add ssincr
----------------------------
revision 1.35
date: 2002/11/26 17:07:18;  author: dunigan;  state: Exp;  lines: +3 -3
fix vegas decrement to use -increment
----------------------------
revision 1.34
date: 2002/11/26 17:05:57;  author: dunigan;  state: Exp;  lines: +8 -6
add vdelta to 3dup alert
----------------------------
revision 1.33
date: 2002/09/26 16:59:16;  author: dunigan;  state: Exp;  lines: +4 -4
add another vss option
----------------------------
revision 1.32
date: 2002/09/23 15:09:17;  author: dunigan;  state: Exp;  lines: +130 -38
add vegas
----------------------------
revision 1.31
date: 2002/08/29 14:47:48;  author: dunigan;  state: Exp;  lines: +10 -4
fix newreno rfc 3042
----------------------------
revision 1.30
date: 2002/08/22 19:42:25;  author: dunigan;  state: Exp;  lines: +3 -2
fix negative cwnd in new reno
----------------------------
revision 1.29
date: 2002/08/07 13:48:57;  author: dunigan;  state: Exp;  lines: +4 -4
fix maxpkts for ctrlc and idle
----------------------------
revision 1.28
date: 2002/07/28 00:56:55;  author: dunigan;  state: Exp;  lines: +31 -10
add bw est every good RTT
----------------------------
revision 1.27
date: 2002/07/23 01:25:50;  author: dunigan;  state: Exp;  lines: +3 -3
fix maxburst counter
----------------------------
revision 1.26
date: 2002/07/19 20:53:31;  author: dunigan;  state: Exp;  lines: +7 -4
add floyd aim to sack advancing ack
----------------------------
revision 1.25
date: 2002/07/19 20:26:32;  author: dunigan;  state: Exp;  lines: +3 -2
fix sack timeout path
----------------------------
revision 1.24
date: 2002/07/19 19:51:19;  author: dunigan;  state: Exp;  lines: +4 -3
set maxpkts on idle timeout
----------------------------
revision 1.23
date: 2002/07/15 20:08:01;  author: dunigan;  state: Exp;  lines: +7 -6
move 3dup printf above cwnd changes
----------------------------
revision 1.22
date: 2002/07/12 14:51:12;  author: dunigan;  state: Exp;  lines: +6 -5
rewrite newreno exit with inflight and init win of 4
----------------------------
revision 1.21
date: 2002/07/10 13:33:40;  author: dunigan;  state: Exp;  lines: +3 -3
badack debug level to 5
----------------------------
revision 1.20
date: 2002/07/10 11:29:52;  author: dunigan;  state: Exp;  lines: +3 -3
fix timedrd   paul.sutter@orbitaldata.com
----------------------------
revision 1.19
date: 2002/07/01 11:44:57;  author: dunigan;  state: Exp;  lines: +106 -23
change floyd_aimd to be continuous and use table lookup
----------------------------
revision 1.18
date: 2002/06/21 18:17:44;  author: dunigan;  state: Exp;  lines: +73 -18
add floyd aimd and slowstart mods,
bring newreno uptodate with probecli
adjust cwnd stuff in sack ?
----------------------------
revision 1.17
date: 2002/06/21 18:16:08;  author: dunigan;  state: Exp;  lines: +9 -2
add commentary
----------------------------
revision 1.16
date: 2002/05/14 17:30:12;  author: dunigan;  state: Exp;  lines: +27 -15
fix scoreboard and out of order problem
----------------------------
revision 1.15
date: 2002/04/13 11:01:40;  author: dunigan;  state: Exp;  lines: +4 -3
timestamp 3dup event
----------------------------
revision 1.14
date: 2002/04/13 10:15:28;  author: dunigan;  state: Exp;  lines: +4 -3
sshthresh infinite case
----------------------------
revision 1.13
date: 2002/03/13 13:37:48;  author: dunigan;  state: Exp;  lines: +5 -5
default to reno
----------------------------
revision 1.12
date: 2002/02/12 12:52:12;  author: dunigan;  state: Exp;  lines: +13 -9
add config file arg
----------------------------
revision 1.11
date: 2001/08/08 12:51:12;  author: dunigan;  state: Exp;  lines: +6 -4
fix ctrlc info, sbsize message
----------------------------
revision 1.10
date: 2001/07/16 19:07:12;  author: dunigan;  state: Exp;  lines: +4 -3
fix idle reset for sack
----------------------------
revision 1.9
date: 2001/07/14 11:04:52;  author: dunigan;  state: Exp;  lines: +19 -4
add maxtime and maxidle
----------------------------
revision 1.8
date: 2001/07/13 17:33:48;  author: dunigan;  state: Exp;  lines: +4 -3
add rcvbuf config param
----------------------------
revision 1.7
date: 2001/07/12 12:26:26;  author: dunigan;  state: Exp;  lines: +3 -3
typo
----------------------------
revision 1.6
date: 2001/07/12 12:24:39;  author: dunigan;  state: Exp;  lines: +56 -45
handle dup with no sack info when in sack mode
----------------------------
revision 1.5
date: 2001/06/27 11:42:47;  author: dunigan;  state: Exp;  lines: +47 -34
florence updates
----------------------------
revision 1.4
date: 2001/05/21 12:55:59;  author: dunigan;  state: Exp;  lines: +7 -6
pretouch buff, fix output
----------------------------
revision 1.3
date: 2001/05/18 18:01:10;  author: dunigan;  state: Exp;  lines: +5 -5
change exit's to ctrlc
----------------------------
revision 1.2
date: 2001/05/18 17:20:01;  author: dunigan;  state: Exp;  lines: +3 -3
clean up name in printf
----------------------------
revision 1.1
date: 2001/05/16 17:02:27;  author: dunigan;  state: Exp;
Initial revision
=============================================================================
